<?xml version="1.0" encoding="UTF-8"?>
<!-- Generated by org.testng.reporters.JUnitReportReporter -->
<testsuite skipped="0" hostname="DESKTOP-HM5G61C" name="com.starwars.testcases.TC01" tests="3" failures="0" timestamp="2019-09-24T22:32:36 EDT" time="5.645" errors="0">
  <testcase name="TC01_2" time="0.457" classname="com.starwars.testcases.TC01"/>
  <testcase name="TC01_3" time="2.918" classname="com.starwars.testcases.TC01"/>
  <testcase name="TC01_1" time="2.270" classname="com.starwars.testcases.TC01"/>
</testsuite> <!-- com.starwars.testcases.TC01 -->
