<?xml version="1.0" encoding="UTF-8"?>
<!-- Generated by org.testng.reporters.JUnitReportReporter -->
<testsuite skipped="0" hostname="DESKTOP-HM5G61C" name="com.starwars.utils.ExcellUtils" tests="1" failures="0" timestamp="2019-09-24T22:08:21 EDT" time="0.454" errors="0">
  <testcase name="testEx" time="0.454" classname="com.starwars.utils.ExcellUtils"/>
</testsuite> <!-- com.starwars.utils.ExcellUtils -->
