<?xml version="1.0" encoding="UTF-8"?>
<!-- Generated by org.testng.reporters.JUnitReportReporter -->
<testsuite skipped="0" hostname="DESKTOP-HM5G61C" name="com.trademark.testcases.HomePageTest" tests="1" failures="0" timestamp="2019-10-07T16:29:47 EDT" time="13.089" errors="0">
  <testcase name="homePageOne" time="13.089" classname="com.trademark.testcases.HomePageTest"/>
</testsuite> <!-- com.trademark.testcases.HomePageTest -->
