<?xml version="1.0" encoding="UTF-8"?>
<!-- Generated by org.testng.reporters.JUnitReportReporter -->
<testsuite skipped="0" hostname="DESKTOP-HM5G61C" name="com.starwars.testcases.APITestCases" tests="3" failures="0" timestamp="2019-09-28T12:40:09 EDT" time="5.528" errors="0">
  <testcase name="TC01_3" time="2.870" classname="com.starwars.testcases.APITestCases"/>
  <testcase name="TC01_1" time="2.268" classname="com.starwars.testcases.APITestCases"/>
  <testcase name="TC01_2" time="0.390" classname="com.starwars.testcases.APITestCases"/>
</testsuite> <!-- com.starwars.testcases.APITestCases -->
