<?xml version="1.0" encoding="UTF-8"?>
<!-- Generated by org.testng.reporters.JUnitReportReporter -->
<testsuite skipped="0" hostname="DESKTOP-HM5G61C" name="com.trademark.testcases.PracticeOfPDF" tests="1" failures="0" timestamp="2019-10-05T10:09:02 EDT" time="0.538" errors="0">
  <testcase name="pdf" time="0.538" classname="com.trademark.testcases.PracticeOfPDF"/>
</testsuite> <!-- com.trademark.testcases.PracticeOfPDF -->
