<?xml version="1.0" encoding="UTF-8"?>
<!-- Generated by org.testng.reporters.JUnitReportReporter -->
<testsuite skipped="0" hostname="DESKTOP-HM5G61C" name="com.starwars.testcases.HomeWork" tests="1" failures="0" timestamp="2019-10-01T18:21:30 EDT" time="0.011" errors="0">
  <testcase name="element" time="0.011" classname="com.starwars.testcases.HomeWork"/>
</testsuite> <!-- com.starwars.testcases.HomeWork -->
