<?xml version="1.0" encoding="UTF-8"?>
<!-- Generated by org.testng.reporters.JUnitReportReporter -->
<testsuite skipped="0" hostname="DESKTOP-HM5G61C" name="com.starwars.testcases.GetAll" tests="1" failures="0" timestamp="2019-09-24T13:50:00 EDT" time="3.841" errors="0">
  <testcase name="getAll" time="3.841" classname="com.starwars.testcases.GetAll"/>
</testsuite> <!-- com.starwars.testcases.GetAll -->
