<?xml version="1.0" encoding="UTF-8"?>
<!-- Generated by org.testng.reporters.JUnitReportReporter -->
<testsuite skipped="0" hostname="DESKTOP-HM5G61C" name="com.trademark.testcases.HomePageTest" tests="1" failures="0" timestamp="2019-10-05T09:40:21 EDT" time="27.286" errors="0">
  <testcase name="homePageOne" time="27.286" classname="com.trademark.testcases.HomePageTest"/>
</testsuite> <!-- com.trademark.testcases.HomePageTest -->
